<?xml version="1.0" encoding="UTF-8"?>
<!-- edited with XMLSPY v5 rel. 3 U (http://www.xmlspy.com) by Robert Hibbert (Penn State Univ) -->
<!--Sample XML file generated by XMLSPY v5 rel. 3 U (http://www.xmlspy.com)-->
<StyledLayerDescriptor xmlns="http://www.opengis.net/sld" xmlns:ogc="http://www.opengis.net/ogc" xmlns:xlink="http://www.w3.org/1999/xlink" xmlns:xsi="http://www.w3.org/2001/XMLSchema-instance" xsi:schemaLocation="http://www.opengis.net/sld
F:\projects\schema\sld\1.0.0\StyledLayerDescriptor.xsd" version="1.0.0">
	<Name>My Layer</Name>
	<Title>A layer by me</Title>
	<Abstract>this is a sample layer</Abstract>
	<NamedLayer>
		<Name>test</Name>
	</NamedLayer>
	<UserLayer>
		<LayerFeatureConstraints>
			<FeatureTypeConstraint/>
		</LayerFeatureConstraints>
		<UserStyle>
		       <Name>My User Style</Name>
			<Title>A style by me</Title>
			<Abstract>this is a sample style</Abstract>
			<FeatureTypeStyle>
				<Rule>	
                                
                                        <TextSymbolizer>
<Font>
<CssParameter name="%3A</CssParameter>
<CssParameter name="font-family">Sans-Serif</CssParameter>
<CssParameter name="font-style">italic</CssParameter>
<CssParameter name="font-size">10</CssParameter>
</Font>
                                        <Label>The Name of the Road</Label>

<LinePlacement/>
</TextSymbolizer>
                                        <LineSymbolizer>
						<Stroke>
							<CssParameter name="width">4</CssParameter>
                                                        <CssParameter name="stroke">#ff0000</CssParameter>
						</Stroke>
					</LineSymbolizer>
                                        <LineSymbolizer>
						<Stroke>
							<CssParameter name="width">1</CssParameter>
						</Stroke>
					</LineSymbolizer>
				</Rule>
			</FeatureTypeStyle>
		</UserStyle>
	</UserLayer>
</StyledLayerDescriptor>
