<?xml version="1.0" encoding="UTF-8"?>
<TestRun id="eff6e07c-a53d-4f94-b377-c761efb9358c" name="TFS-Build@TEAM-BUILD 2017-07-10 14:04:16" runUser="STONEAGE\TFS-Build" xmlns="http://microsoft.com/schemas/VisualStudio/TeamTest/2010">
  <Times creation="2017-07-10T14:04:16.3592249-07:00" queuing="2017-07-10T14:04:16.3592249-07:00" start="2017-07-10T14:04:11.2967882-07:00" finish="2017-07-10T14:04:16.4217218-07:00" />
  <TestSettings name="default" id="387c6d3b-dc49-4924-854b-fbf2a4a76aaa">
    <Execution>
      <TestTypeSpecific />
    </Execution>
    <Deployment runDeploymentRoot="TFS-Build_TEAM-BUILD 2017-07-10 14_04_16" />
    <Properties />
  </TestSettings>
  <Results>
    <UnitTestResult executionId="f20e86e4-0f4e-4483-a37d-1f27aa082fe5" testId="3cec6f6f-d9e2-0782-591e-c0ae3156102e" testName="getSpeed" computerName="TEAM-BUILD" duration="00:00:00.0003774" startTime="2017-07-10T14:04:15.8904761-07:00" endTime="2017-07-10T14:04:15.8908535-07:00" testType="13cdc9d9-ddb5-4fa4-a97d-d965ccfc6d4b" outcome="Passed" testListId="8c84fa94-04c1-424b-9868-57a2d4851a1d" relativeResultsDirectory="f20e86e4-0f4e-4483-a37d-1f27aa082fe5" />
    <UnitTestResult executionId="ee804197-effe-43f9-bcae-bce683f6bc11" testId="9b9864ac-886a-b92b-92c7-69552bf8260f" testName="getDirection" computerName="TEAM-BUILD" duration="00:00:00.0000453" startTime="2017-07-10T14:04:15.9061278-07:00" endTime="2017-07-10T14:04:15.9061731-07:00" testType="13cdc9d9-ddb5-4fa4-a97d-d965ccfc6d4b" outcome="Passed" testListId="8c84fa94-04c1-424b-9868-57a2d4851a1d" relativeResultsDirectory="ee804197-effe-43f9-bcae-bce683f6bc11" />
    <UnitTestResult executionId="a674c158-97a4-4a08-809e-b266e5cc5a0c" testId="b8b45b70-b45f-cda3-54c4-6416147c6b0b" testName="BasicTest" computerName="TEAM-BUILD" duration="00:00:00.0002594" startTime="2017-07-10T14:04:15.9379635-07:00" endTime="2017-07-10T14:04:15.9382229-07:00" testType="13cdc9d9-ddb5-4fa4-a97d-d965ccfc6d4b" outcome="Passed" testListId="8c84fa94-04c1-424b-9868-57a2d4851a1d" relativeResultsDirectory="a674c158-97a4-4a08-809e-b266e5cc5a0c" />
    <UnitTestResult executionId="9eaebb3d-2128-4d4c-8ab7-857f20394fc3" testId="2332a7c2-63ff-4d32-ca10-25b2313f59b8" testName="RangeTest" computerName="TEAM-BUILD" duration="00:00:00.0023379" startTime="2017-07-10T14:04:15.9379635-07:00" endTime="2017-07-10T14:04:15.9403014-07:00" testType="13cdc9d9-ddb5-4fa4-a97d-d965ccfc6d4b" outcome="Passed" testListId="8c84fa94-04c1-424b-9868-57a2d4851a1d" relativeResultsDirectory="9eaebb3d-2128-4d4c-8ab7-857f20394fc3" />
    <UnitTestResult executionId="cf9a9ea8-db22-45ce-ba3c-f581731376b2" testId="2d3d3fdb-4513-2a4f-7528-15050d554917" testName="NegativeRangeTest" computerName="TEAM-BUILD" duration="00:00:00.0001670" startTime="2017-07-10T14:04:15.9529755-07:00" endTime="2017-07-10T14:04:15.9531425-07:00" testType="13cdc9d9-ddb5-4fa4-a97d-d965ccfc6d4b" outcome="Passed" testListId="8c84fa94-04c1-424b-9868-57a2d4851a1d" relativeResultsDirectory="cf9a9ea8-db22-45ce-ba3c-f581731376b2" />
  </Results>
  <TestDefinitions>
    <UnitTest name="getSpeed" storage="c:\agent\_work\1\s\debug\motorcontrollertests.dll" id="3cec6f6f-d9e2-0782-591e-c0ae3156102e">
      <Execution id="f20e86e4-0f4e-4483-a37d-1f27aa082fe5" />
      <TestMethod codeBase="C:\agent\_work\1\s\Debug\MotorControllerTests.dll" adapterTypeName="Microsoft.VisualStudio.TestTools.TestTypes.Unit.UnitTestAdapter" className="MotorControllerTests.MotorControllerTest" name="getSpeed" />
    </UnitTest>
    <UnitTest name="getDirection" storage="c:\agent\_work\1\s\debug\motorcontrollertests.dll" id="9b9864ac-886a-b92b-92c7-69552bf8260f">
      <Execution id="ee804197-effe-43f9-bcae-bce683f6bc11" />
      <TestMethod codeBase="C:\agent\_work\1\s\Debug\MotorControllerTests.dll" adapterTypeName="Microsoft.VisualStudio.TestTools.TestTypes.Unit.UnitTestAdapter" className="MotorControllerTests.MotorControllerTest" name="getDirection" />
    </UnitTest>
    <UnitTest name="BasicTest" storage="c:\agent\_work\1\s\debug\rootfindertests.dll" id="b8b45b70-b45f-cda3-54c4-6416147c6b0b">
      <Execution id="a674c158-97a4-4a08-809e-b266e5cc5a0c" />
      <TestMethod codeBase="C:\agent\_work\1\s\Debug\RootFinderTests.dll" adapterTypeName="Microsoft.VisualStudio.TestTools.TestTypes.Unit.UnitTestAdapter" className="CRootFinderTest.UnitTest1" name="BasicTest" />
    </UnitTest>
    <UnitTest name="RangeTest" storage="c:\agent\_work\1\s\debug\rootfindertests.dll" id="2332a7c2-63ff-4d32-ca10-25b2313f59b8">
      <Execution id="9eaebb3d-2128-4d4c-8ab7-857f20394fc3" />
      <TestMethod codeBase="C:\agent\_work\1\s\Debug\RootFinderTests.dll" adapterTypeName="Microsoft.VisualStudio.TestTools.TestTypes.Unit.UnitTestAdapter" className="CRootFinderTest.UnitTest1" name="RangeTest" />
    </UnitTest>
    <UnitTest name="NegativeRangeTest" storage="c:\agent\_work\1\s\debug\rootfindertests.dll" id="2d3d3fdb-4513-2a4f-7528-15050d554917">
      <Execution id="cf9a9ea8-db22-45ce-ba3c-f581731376b2" />
      <TestMethod codeBase="C:\agent\_work\1\s\Debug\RootFinderTests.dll" adapterTypeName="Microsoft.VisualStudio.TestTools.TestTypes.Unit.UnitTestAdapter" className="CRootFinderTest.UnitTest1" name="NegativeRangeTest" />
    </UnitTest>
  </TestDefinitions>
  <TestEntries>
    <TestEntry testId="3cec6f6f-d9e2-0782-591e-c0ae3156102e" executionId="f20e86e4-0f4e-4483-a37d-1f27aa082fe5" testListId="8c84fa94-04c1-424b-9868-57a2d4851a1d" />
    <TestEntry testId="9b9864ac-886a-b92b-92c7-69552bf8260f" executionId="ee804197-effe-43f9-bcae-bce683f6bc11" testListId="8c84fa94-04c1-424b-9868-57a2d4851a1d" />
    <TestEntry testId="b8b45b70-b45f-cda3-54c4-6416147c6b0b" executionId="a674c158-97a4-4a08-809e-b266e5cc5a0c" testListId="8c84fa94-04c1-424b-9868-57a2d4851a1d" />
    <TestEntry testId="2332a7c2-63ff-4d32-ca10-25b2313f59b8" executionId="9eaebb3d-2128-4d4c-8ab7-857f20394fc3" testListId="8c84fa94-04c1-424b-9868-57a2d4851a1d" />
    <TestEntry testId="2d3d3fdb-4513-2a4f-7528-15050d554917" executionId="cf9a9ea8-db22-45ce-ba3c-f581731376b2" testListId="8c84fa94-04c1-424b-9868-57a2d4851a1d" />
  </TestEntries>
  <TestLists>
    <TestList name="Results Not in a List" id="8c84fa94-04c1-424b-9868-57a2d4851a1d" />
    <TestList name="All Loaded Results" id="19431567-8539-422a-85d7-44ee4e166bda" />
  </TestLists>
  <ResultSummary outcome="Completed">
    <Counters total="5" executed="5" passed="5" failed="0" error="0" timeout="0" aborted="0" inconclusive="0" passedButRunAborted="0" notRunnable="0" notExecuted="0" disconnected="0" warning="0" completed="0" inProgress="0" pending="0" />
    <CollectorDataEntries>
      <Collector agentName="TEAM-BUILD" uri="datacollector://microsoft/CodeCoverage/2.0" collectorDisplayName="Code Coverage">
        <UriAttachments>
          <UriAttachment>
            <A href="TEAM-BUILD\TFS-Build_TEAM-BUILD 2017-07-10 14_04_12.coverage">
            </A>
          </UriAttachment>
        </UriAttachments>
      </Collector>
    </CollectorDataEntries>
  </ResultSummary>
</TestRun>